
------
Test: "tests/test_google_map_api.py::TestCreateNewPlace::test_create_new_place (call)
"Time: 2025-07-07 23:16:25.504853
Requests method: POST
Requests URL: https://rahulshettyacademy.com/maps/api/place/add/json?key=qaclick123


------
Test: "tests/test_google_map_api.py::TestCreateNewPlace::test_create_new_place (call)
"Time: 2025-07-07 23:16:26.112205
Requests method: GET
Requests URL: https://rahulshettyacademy.com/maps/api/place/get/json?key=qaclick123&place_id=62a3a1e005866baab530fb4e3cd353f1

Response code: 200
Response text: {"location":{"latitude":"-38.383494","longitude":"33.427362"},"accuracy":"50","name":"Frontline house","phone_number":"(+91) 983 893 3937","address":"29, side layout, cohen 09","types":"shoe park,shop","website":"http:\/\/google.com","language":"French-IN"}
Response headers: {'Date': 'Mon, 07 Jul 2025 20:16:26 GMT', 'Server': 'Apache/2.4.52 (Ubuntu)', 'Access-Control-Allow-Origin': '*', 'Access-Control-Allow-Methods': 'POST', 'Access-Control-Max-Age': '3600', 'Access-Control-Allow-Headers': 'Content-Type, Access-Control-Allow-Headers, Authorization, X-Requested-With', 'Content-Length': '257', 'Keep-Alive': 'timeout=5, max=100', 'Connection': 'Keep-Alive', 'Content-Type': 'application/json;charset=UTF-8'}
Response cookies: {}

------

------
Test: "tests/test_google_map_api.py::TestCreateNewPlace::test_create_new_place (call)
"Time: 2025-07-07 23:16:27.932529
Requests method: PUT
Requests URL: https://rahulshettyacademy.com/maps/api/place/update/json?key=qaclick123


------
Test: "tests/test_google_map_api.py::TestCreateNewPlace::test_create_new_place (call)
"Time: 2025-07-07 23:16:30.566902
Requests method: GET
Requests URL: https://rahulshettyacademy.com/maps/api/place/get/json?key=qaclick123&place_id=62a3a1e005866baab530fb4e3cd353f1

Response code: 200
Response text: {"location":{"latitude":"-38.383494","longitude":"33.427362"},"accuracy":"50","name":"Frontline house","phone_number":"(+91) 983 893 3937","address":"100 Lenina street, RU","types":"shoe park,shop","website":"http:\/\/google.com","language":"French-IN"}
Response headers: {'Date': 'Mon, 07 Jul 2025 20:16:31 GMT', 'Server': 'Apache/2.4.52 (Ubuntu)', 'Access-Control-Allow-Origin': '*', 'Access-Control-Allow-Methods': 'POST', 'Access-Control-Max-Age': '3600', 'Access-Control-Allow-Headers': 'Content-Type, Access-Control-Allow-Headers, Authorization, X-Requested-With', 'Content-Length': '253', 'Keep-Alive': 'timeout=5, max=100', 'Connection': 'Keep-Alive', 'Content-Type': 'application/json;charset=UTF-8'}
Response cookies: {}

------

------
Test: "tests/test_google_map_api.py::TestCreateNewPlace::test_create_new_place (call)
"Time: 2025-07-07 23:16:32.387467
Requests method: DELETE
Requests URL: https://rahulshettyacademy.com/maps/api/place/delete/json?key=qaclick123


------
Test: "tests/test_google_map_api.py::TestCreateNewPlace::test_create_new_place (call)
"Time: 2025-07-07 23:16:34.910054
Requests method: GET
Requests URL: https://rahulshettyacademy.com/maps/api/place/get/json?key=qaclick123&place_id=62a3a1e005866baab530fb4e3cd353f1

Response code: 404
Response text: {"msg":"Get operation failed, looks like place_id  doesn't exists"}
Response headers: {'Date': 'Mon, 07 Jul 2025 20:16:35 GMT', 'Server': 'Apache/2.4.52 (Ubuntu)', 'Access-Control-Allow-Origin': '*', 'Access-Control-Allow-Methods': 'POST', 'Access-Control-Max-Age': '3600', 'Access-Control-Allow-Headers': 'Content-Type, Access-Control-Allow-Headers, Authorization, X-Requested-With', 'Content-Length': '67', 'Keep-Alive': 'timeout=5, max=100', 'Connection': 'Keep-Alive', 'Content-Type': 'application/json;charset=UTF-8'}
Response cookies: {}

------
